<?xml version="1.0" encoding="UTF-8"?>
<testng-results ignored="0" total="1" passed="1" failed="0" skipped="0">
  <reporter-output>
  </reporter-output>
  <suite started-at="2021-03-29T00:20:45Z" name="Registration Flow" finished-at="2021-03-29T00:22:16Z" duration-ms="90855">
    <groups>
    </groups>
    <test started-at="2021-03-29T00:20:45Z" name="LoginTest" finished-at="2021-03-29T00:22:16Z" duration-ms="90855">
      <class name="test_cases.RegistrationTest">
        <test-method is-config="true" signature="beforeMethod()[pri:0, instance:test_cases.RegistrationTest@301eda63]" started-at="2021-03-29T00:20:45Z" name="beforeMethod" finished-at="2021-03-29T00:20:50Z" duration-ms="4916" status="PASS">
          <reporter-output>
          </reporter-output>
        </test-method> <!-- beforeMethod -->
        <test-method signature="TC01()[pri:0, instance:test_cases.RegistrationTest@301eda63]" started-at="2021-03-29T00:20:50Z" name="TC01" finished-at="2021-03-29T00:22:16Z" duration-ms="85786" status="PASS">
          <reporter-output>
          </reporter-output>
        </test-method> <!-- TC01 -->
        <test-method is-config="true" signature="afterMethod()[pri:0, instance:test_cases.RegistrationTest@301eda63]" started-at="2021-03-29T00:22:16Z" name="afterMethod" finished-at="2021-03-29T00:22:16Z" duration-ms="137" status="PASS">
          <reporter-output>
          </reporter-output>
        </test-method> <!-- afterMethod -->
      </class> <!-- test_cases.RegistrationTest -->
    </test> <!-- LoginTest -->
  </suite> <!-- Registration Flow -->
</testng-results>
