<?xml version="1.0" encoding="UTF-8"?>
<testng-results ignored="0" total="1" passed="1" failed="0" skipped="0">
  <reporter-output>
  </reporter-output>
  <suite started-at="2021-03-27T10:36:00Z" name="Default suite" finished-at="2021-03-27T10:37:04Z" duration-ms="64461">
    <groups>
    </groups>
    <test started-at="2021-03-27T10:36:00Z" name="Default test" finished-at="2021-03-27T10:37:04Z" duration-ms="64461">
      <class name="test_cases.LoginTest">
        <test-method is-config="true" signature="beforeMethod()[pri:0, instance:test_cases.LoginTest@55040f2f]" started-at="2021-03-27T10:36:00Z" name="beforeMethod" finished-at="2021-03-27T10:36:03Z" duration-ms="3773" status="PASS">
          <reporter-output>
          </reporter-output>
        </test-method> <!-- beforeMethod -->
        <test-method signature="TC01()[pri:0, instance:test_cases.LoginTest@55040f2f]" started-at="2021-03-27T10:36:03Z" name="TC01" finished-at="2021-03-27T10:37:04Z" duration-ms="60564" status="PASS">
          <reporter-output>
          </reporter-output>
        </test-method> <!-- TC01 -->
        <test-method is-config="true" signature="afterMethod()[pri:0, instance:test_cases.LoginTest@55040f2f]" started-at="2021-03-27T10:37:04Z" name="afterMethod" finished-at="2021-03-27T10:37:04Z" duration-ms="107" status="PASS">
          <reporter-output>
          </reporter-output>
        </test-method> <!-- afterMethod -->
      </class> <!-- test_cases.LoginTest -->
    </test> <!-- Default test -->
  </suite> <!-- Default suite -->
</testng-results>
